2024-10-15T08:30:49.976-03:00  INFO 17296 --- [avaliacao02] [main] c.e.avaliacao02.Avaliacao02Application   : Starting Avaliacao02Application using Java 17.0.12 with PID 17296 (C:\Users\Rhyan\Documents\portfolio-backend\avaliacao02\target\classes started by Rhyan in C:\Users\Rhyan\Documents\portfolio-backend\avaliacao02)
2024-10-15T08:30:49.988-03:00 DEBUG 17296 --- [avaliacao02] [main] c.e.avaliacao02.Avaliacao02Application   : Running with Spring Boot v3.3.4, Spring v6.1.13
2024-10-15T08:30:49.992-03:00  INFO 17296 --- [avaliacao02] [main] c.e.avaliacao02.Avaliacao02Application   : No active profile set, falling back to 1 default profile: "default"
2024-10-15T08:30:51.530-03:00  INFO 17296 --- [avaliacao02] [main] o.s.b.w.embedded.tomcat.TomcatWebServer  : Tomcat initialized with port 8080 (http)
2024-10-15T08:30:51.550-03:00  INFO 17296 --- [avaliacao02] [main] o.apache.catalina.core.StandardService   : Starting service [Tomcat]
2024-10-15T08:30:51.550-03:00  INFO 17296 --- [avaliacao02] [main] o.apache.catalina.core.StandardEngine    : Starting Servlet engine: [Apache Tomcat/10.1.30]
2024-10-15T08:30:51.698-03:00  INFO 17296 --- [avaliacao02] [main] o.a.c.c.C.[Tomcat].[localhost].[/]       : Initializing Spring embedded WebApplicationContext
2024-10-15T08:30:51.698-03:00  INFO 17296 --- [avaliacao02] [main] w.s.c.ServletWebServerApplicationContext : Root WebApplicationContext: initialization completed in 1614 ms
2024-10-15T08:30:52.258-03:00  INFO 17296 --- [avaliacao02] [main] o.s.b.w.embedded.tomcat.TomcatWebServer  : Tomcat started on port 8080 (http) with context path '/'
2024-10-15T08:30:52.270-03:00  INFO 17296 --- [avaliacao02] [main] c.e.avaliacao02.Avaliacao02Application   : Started Avaliacao02Application in 3.082 seconds (process running for 3.686)
2024-10-15T08:31:00.596-03:00  INFO 17296 --- [avaliacao02] [http-nio-8080-exec-1] o.a.c.c.C.[Tomcat].[localhost].[/]       : Initializing Spring DispatcherServlet 'dispatcherServlet'
2024-10-15T08:31:00.596-03:00  INFO 17296 --- [avaliacao02] [http-nio-8080-exec-1] o.s.web.servlet.DispatcherServlet        : Initializing Servlet 'dispatcherServlet'
2024-10-15T08:31:00.596-03:00  INFO 17296 --- [avaliacao02] [http-nio-8080-exec-1] o.s.web.servlet.DispatcherServlet        : Completed initialization in 0 ms
2024-10-15T08:31:00.692-03:00  WARN 17296 --- [avaliacao02] [http-nio-8080-exec-1] .w.s.m.s.DefaultHandlerExceptionResolver : Resolved [org.springframework.web.HttpMediaTypeNotAcceptableException: No acceptable representation]
2024-10-15T08:31:15.428-03:00  INFO 1860 --- [avaliacao02] [main] c.e.avaliacao02.Avaliacao02Application   : Starting Avaliacao02Application using Java 17.0.12 with PID 1860 (C:\Users\Rhyan\Documents\portfolio-backend\avaliacao02\target\classes started by Rhyan in C:\Users\Rhyan\Documents\portfolio-backend\avaliacao02)
2024-10-15T08:31:15.432-03:00 DEBUG 1860 --- [avaliacao02] [main] c.e.avaliacao02.Avaliacao02Application   : Running with Spring Boot v3.3.4, Spring v6.1.13
2024-10-15T08:31:15.432-03:00  INFO 1860 --- [avaliacao02] [main] c.e.avaliacao02.Avaliacao02Application   : No active profile set, falling back to 1 default profile: "default"
2024-10-15T08:31:16.935-03:00  INFO 1860 --- [avaliacao02] [main] o.s.b.w.embedded.tomcat.TomcatWebServer  : Tomcat initialized with port 8080 (http)
2024-10-15T08:31:16.955-03:00  INFO 1860 --- [avaliacao02] [main] o.apache.catalina.core.StandardService   : Starting service [Tomcat]
2024-10-15T08:31:16.955-03:00  INFO 1860 --- [avaliacao02] [main] o.apache.catalina.core.StandardEngine    : Starting Servlet engine: [Apache Tomcat/10.1.30]
2024-10-15T08:31:17.044-03:00  INFO 1860 --- [avaliacao02] [main] o.a.c.c.C.[Tomcat].[localhost].[/]       : Initializing Spring embedded WebApplicationContext
2024-10-15T08:31:17.044-03:00  INFO 1860 --- [avaliacao02] [main] w.s.c.ServletWebServerApplicationContext : Root WebApplicationContext: initialization completed in 1533 ms
2024-10-15T08:31:17.573-03:00  INFO 1860 --- [avaliacao02] [main] o.s.b.w.embedded.tomcat.TomcatWebServer  : Tomcat started on port 8080 (http) with context path '/'
2024-10-15T08:31:17.585-03:00  INFO 1860 --- [avaliacao02] [main] c.e.avaliacao02.Avaliacao02Application   : Started Avaliacao02Application in 2.851 seconds (process running for 3.363)
2024-10-15T08:31:24.345-03:00  INFO 1860 --- [avaliacao02] [http-nio-8080-exec-1] o.a.c.c.C.[Tomcat].[localhost].[/]       : Initializing Spring DispatcherServlet 'dispatcherServlet'
2024-10-15T08:31:24.345-03:00  INFO 1860 --- [avaliacao02] [http-nio-8080-exec-1] o.s.web.servlet.DispatcherServlet        : Initializing Servlet 'dispatcherServlet'
2024-10-15T08:31:24.345-03:00  INFO 1860 --- [avaliacao02] [http-nio-8080-exec-1] o.s.web.servlet.DispatcherServlet        : Completed initialization in 0 ms
2024-10-15T08:31:24.446-03:00  WARN 1860 --- [avaliacao02] [http-nio-8080-exec-1] .w.s.m.s.DefaultHandlerExceptionResolver : Resolved [org.springframework.web.HttpMediaTypeNotAcceptableException: No acceptable representation]
